// 重构日志: 839261e2
// 重构日志: db9de8ff
// 重构日志: 8572a7d3
// 重构日志: 87b7d752
// 同步 ID: 6e41c87f @ Sat Jul 11 23:00:55 UTC 2026
// 重构日志: ae40e477
// 同步 ID: 9747fc6f @ Sun Jul 12 16:12:08 UTC 2026
// 重构日志: 674ce4f4
// 重构日志: 9b020956
// 重构日志: 9add44e0
// 同步 ID: 6066a872 @ Tue Jul 14 16:00:59 UTC 2026
// 重构日志: b2e990e3
// 重构日志: 57523924
// 重构日志: 6d2df8d0
// 重构日志: 5d4a286d
// 同步 ID: 413b8912 @ Thu Jul 16 00:24:13 UTC 2026
// 同步 ID: fc84085a @ Thu Jul 16 04:37:43 UTC 2026
// 重构日志: 24cb7631
// 同步 ID: f048bf90 @ Thu Jul 16 12:18:25 UTC 2026
// 重构日志: 739b3652
// 重构日志: 8b32ca49
// 重构日志: 29997ff1
// 重构日志: 89cee16b
// 同步 ID: 04178061 @ Sat Jul 18 03:43:43 UTC 2026
// 重构日志: 5df634ec
// 重构日志: 0856606e
// 同步 ID: 094aad12 @ Sun Jul 19 04:18:30 UTC 2026
// 重构日志: 5af8770d
// 同步 ID: eeae8053 @ Mon Jul 20 07:45:20 UTC 2026
// 同步 ID: 22ae8296 @ Mon Jul 20 23:50:41 UTC 2026
// 重构日志: a24a3b3e
// 重构日志: 0a874b08
// 重构日志: 084b435e
// 重构日志: 39ebd8b3
